[2025-10-26 17:59:46] production.ERROR: The /Users/raihanulislma/Desktop/hotel-booking-task-Raihanul-Islam/bootstrap/cache directory must be present and writable. {"exception":"[object] (Exception(code: 0): The /Users/raihanulislma/Desktop/hotel-booking-task-Raihanul-Islam/bootstrap/cache directory must be present and writable. at /Users/raihanulislma/Desktop/hotel-booking-task-Raihanul-Islam/vendor/laravel/framework/src/Illuminate/Foundation/PackageManifest.php:178)
[stacktrace]
#0 /Users/raihanulislma/Desktop/hotel-booking-task-Raihanul-Islam/vendor/laravel/framework/src/Illuminate/Foundation/PackageManifest.php(131): Illuminate\\Foundation\\PackageManifest->write(Array)
#1 /Users/raihanulislma/Desktop/hotel-booking-task-Raihanul-Islam/vendor/laravel/framework/src/Illuminate/Foundation/PackageManifest.php(107): Illuminate\\Foundation\\PackageManifest->build()
#2 /Users/raihanulislma/Desktop/hotel-booking-task-Raihanul-Islam/vendor/laravel/framework/src/Illuminate/Foundation/PackageManifest.php(90): Illuminate\\Foundation\\PackageManifest->getManifest()
#3 /Users/raihanulislma/Desktop/hotel-booking-task-Raihanul-Islam/vendor/laravel/framework/src/Illuminate/Foundation/PackageManifest.php(79): Illuminate\\Foundation\\PackageManifest->config('aliases')
#4 /Users/raihanulislma/Desktop/hotel-booking-task-Raihanul-Islam/vendor/laravel/framework/src/Illuminate/Foundation/Bootstrap/RegisterFacades.php(26): Illuminate\\Foundation\\PackageManifest->aliases()
#5 /Users/raihanulislma/Desktop/hotel-booking-task-Raihanul-Islam/vendor/laravel/framework/src/Illuminate/Foundation/Application.php(286): Illuminate\\Foundation\\Bootstrap\\RegisterFacades->bootstrap(Object(Illuminate\\Foundation\\Application))
#6 /Users/raihanulislma/Desktop/hotel-booking-task-Raihanul-Islam/vendor/laravel/framework/src/Illuminate/Foundation/Console/Kernel.php(447): Illuminate\\Foundation\\Application->bootstrapWith(Array)
#7 /Users/raihanulislma/Desktop/hotel-booking-task-Raihanul-Islam/vendor/laravel/framework/src/Illuminate/Foundation/Console/Kernel.php(199): Illuminate\\Foundation\\Console\\Kernel->bootstrap()
#8 /Users/raihanulislma/Desktop/hotel-booking-task-Raihanul-Islam/artisan(35): Illuminate\\Foundation\\Console\\Kernel->handle(Object(Symfony\\Component\\Console\\Input\\ArgvInput), Object(Symfony\\Component\\Console\\Output\\ConsoleOutput))
#9 {main}
"} 
[2025-10-26 17:59:51] production.ERROR: Class "Illuminate\Hash\HashServiceProvider" not found {"exception":"[object] (Error(code: 0): Class \"Illuminate\\Hash\\HashServiceProvider\" not found at /Users/raihanulislma/Desktop/hotel-booking-task-Raihanul-Islam/vendor/laravel/framework/src/Illuminate/Foundation/ProviderRepository.php:206)
[stacktrace]
#0 /Users/raihanulislma/Desktop/hotel-booking-task-Raihanul-Islam/vendor/laravel/framework/src/Illuminate/Foundation/ProviderRepository.php(142): Illuminate\\Foundation\\ProviderRepository->createProvider('Illuminate\\\\Hash...')
#1 /Users/raihanulislma/Desktop/hotel-booking-task-Raihanul-Islam/vendor/laravel/framework/src/Illuminate/Foundation/ProviderRepository.php(61): Illuminate\\Foundation\\ProviderRepository->compileManifest(Array)
#2 /Users/raihanulislma/Desktop/hotel-booking-task-Raihanul-Islam/vendor/laravel/framework/src/Illuminate/Foundation/Application.php(794): Illuminate\\Foundation\\ProviderRepository->load(Array)
#3 /Users/raihanulislma/Desktop/hotel-booking-task-Raihanul-Islam/vendor/laravel/framework/src/Illuminate/Foundation/Bootstrap/RegisterProviders.php(17): Illuminate\\Foundation\\Application->registerConfiguredProviders()
#4 /Users/raihanulislma/Desktop/hotel-booking-task-Raihanul-Islam/vendor/laravel/framework/src/Illuminate/Foundation/Application.php(286): Illuminate\\Foundation\\Bootstrap\\RegisterProviders->bootstrap(Object(Illuminate\\Foundation\\Application))
#5 /Users/raihanulislma/Desktop/hotel-booking-task-Raihanul-Islam/vendor/laravel/framework/src/Illuminate/Foundation/Console/Kernel.php(447): Illuminate\\Foundation\\Application->bootstrapWith(Array)
#6 /Users/raihanulislma/Desktop/hotel-booking-task-Raihanul-Islam/vendor/laravel/framework/src/Illuminate/Foundation/Console/Kernel.php(199): Illuminate\\Foundation\\Console\\Kernel->bootstrap()
#7 Command line code(1): Illuminate\\Foundation\\Console\\Kernel->handle(Object(Symfony\\Component\\Console\\Input\\ArgvInput), Object(Symfony\\Component\\Console\\Output\\ConsoleOutput))
#8 {main}
"} 
[2025-10-26 17:59:51] production.ERROR: Class "Illuminate\Hash\HashServiceProvider" not found {"exception":"[object] (Error(code: 0): Class \"Illuminate\\Hash\\HashServiceProvider\" not found at /Users/raihanulislma/Desktop/hotel-booking-task-Raihanul-Islam/vendor/laravel/framework/src/Illuminate/Foundation/ProviderRepository.php:206)
[stacktrace]
#0 /Users/raihanulislma/Desktop/hotel-booking-task-Raihanul-Islam/vendor/laravel/framework/src/Illuminate/Foundation/ProviderRepository.php(142): Illuminate\\Foundation\\ProviderRepository->createProvider('Illuminate\\\\Hash...')
#1 /Users/raihanulislma/Desktop/hotel-booking-task-Raihanul-Islam/vendor/laravel/framework/src/Illuminate/Foundation/ProviderRepository.php(61): Illuminate\\Foundation\\ProviderRepository->compileManifest(Array)
#2 /Users/raihanulislma/Desktop/hotel-booking-task-Raihanul-Islam/vendor/laravel/framework/src/Illuminate/Foundation/Application.php(794): Illuminate\\Foundation\\ProviderRepository->load(Array)
#3 /Users/raihanulislma/Desktop/hotel-booking-task-Raihanul-Islam/vendor/laravel/framework/src/Illuminate/Foundation/Bootstrap/RegisterProviders.php(17): Illuminate\\Foundation\\Application->registerConfiguredProviders()
#4 /Users/raihanulislma/Desktop/hotel-booking-task-Raihanul-Islam/vendor/laravel/framework/src/Illuminate/Foundation/Application.php(286): Illuminate\\Foundation\\Bootstrap\\RegisterProviders->bootstrap(Object(Illuminate\\Foundation\\Application))
#5 /Users/raihanulislma/Desktop/hotel-booking-task-Raihanul-Islam/vendor/laravel/framework/src/Illuminate/Foundation/Console/Kernel.php(447): Illuminate\\Foundation\\Application->bootstrapWith(Array)
#6 /Users/raihanulislma/Desktop/hotel-booking-task-Raihanul-Islam/vendor/laravel/framework/src/Illuminate/Foundation/Console/Kernel.php(199): Illuminate\\Foundation\\Console\\Kernel->bootstrap()
#7 Command line code(1): Illuminate\\Foundation\\Console\\Kernel->handle(Object(Symfony\\Component\\Console\\Input\\ArgvInput), Object(Symfony\\Component\\Console\\Output\\ConsoleOutput))
#8 {main}
"} 
[2025-10-26 17:59:51] production.ERROR: Class "Illuminate\Hash\HashServiceProvider" not found {"exception":"[object] (Error(code: 0): Class \"Illuminate\\Hash\\HashServiceProvider\" not found at /Users/raihanulislma/Desktop/hotel-booking-task-Raihanul-Islam/vendor/laravel/framework/src/Illuminate/Foundation/ProviderRepository.php:206)
[stacktrace]
#0 /Users/raihanulislma/Desktop/hotel-booking-task-Raihanul-Islam/vendor/laravel/framework/src/Illuminate/Foundation/ProviderRepository.php(142): Illuminate\\Foundation\\ProviderRepository->createProvider('Illuminate\\\\Hash...')
#1 /Users/raihanulislma/Desktop/hotel-booking-task-Raihanul-Islam/vendor/laravel/framework/src/Illuminate/Foundation/ProviderRepository.php(61): Illuminate\\Foundation\\ProviderRepository->compileManifest(Array)
#2 /Users/raihanulislma/Desktop/hotel-booking-task-Raihanul-Islam/vendor/laravel/framework/src/Illuminate/Foundation/Application.php(794): Illuminate\\Foundation\\ProviderRepository->load(Array)
#3 /Users/raihanulislma/Desktop/hotel-booking-task-Raihanul-Islam/vendor/laravel/framework/src/Illuminate/Foundation/Bootstrap/RegisterProviders.php(17): Illuminate\\Foundation\\Application->registerConfiguredProviders()
#4 /Users/raihanulislma/Desktop/hotel-booking-task-Raihanul-Islam/vendor/laravel/framework/src/Illuminate/Foundation/Application.php(286): Illuminate\\Foundation\\Bootstrap\\RegisterProviders->bootstrap(Object(Illuminate\\Foundation\\Application))
#5 /Users/raihanulislma/Desktop/hotel-booking-task-Raihanul-Islam/vendor/laravel/framework/src/Illuminate/Foundation/Console/Kernel.php(447): Illuminate\\Foundation\\Application->bootstrapWith(Array)
#6 /Users/raihanulislma/Desktop/hotel-booking-task-Raihanul-Islam/vendor/laravel/framework/src/Illuminate/Foundation/Console/Kernel.php(199): Illuminate\\Foundation\\Console\\Kernel->bootstrap()
#7 Command line code(1): Illuminate\\Foundation\\Console\\Kernel->handle(Object(Symfony\\Component\\Console\\Input\\ArgvInput), Object(Symfony\\Component\\Console\\Output\\ConsoleOutput))
#8 {main}
"} 
[2025-10-26 17:59:58] production.ERROR: Class "Illuminate\Hash\HashServiceProvider" not found {"exception":"[object] (Error(code: 0): Class \"Illuminate\\Hash\\HashServiceProvider\" not found at /Users/raihanulislma/Desktop/hotel-booking-task-Raihanul-Islam/vendor/laravel/framework/src/Illuminate/Foundation/ProviderRepository.php:206)
[stacktrace]
#0 /Users/raihanulislma/Desktop/hotel-booking-task-Raihanul-Islam/vendor/laravel/framework/src/Illuminate/Foundation/ProviderRepository.php(142): Illuminate\\Foundation\\ProviderRepository->createProvider('Illuminate\\\\Hash...')
#1 /Users/raihanulislma/Desktop/hotel-booking-task-Raihanul-Islam/vendor/laravel/framework/src/Illuminate/Foundation/ProviderRepository.php(61): Illuminate\\Foundation\\ProviderRepository->compileManifest(Array)
#2 /Users/raihanulislma/Desktop/hotel-booking-task-Raihanul-Islam/vendor/laravel/framework/src/Illuminate/Foundation/Application.php(794): Illuminate\\Foundation\\ProviderRepository->load(Array)
#3 /Users/raihanulislma/Desktop/hotel-booking-task-Raihanul-Islam/vendor/laravel/framework/src/Illuminate/Foundation/Bootstrap/RegisterProviders.php(17): Illuminate\\Foundation\\Application->registerConfiguredProviders()
#4 /Users/raihanulislma/Desktop/hotel-booking-task-Raihanul-Islam/vendor/laravel/framework/src/Illuminate/Foundation/Application.php(286): Illuminate\\Foundation\\Bootstrap\\RegisterProviders->bootstrap(Object(Illuminate\\Foundation\\Application))
#5 /Users/raihanulislma/Desktop/hotel-booking-task-Raihanul-Islam/vendor/laravel/framework/src/Illuminate/Foundation/Console/Kernel.php(447): Illuminate\\Foundation\\Application->bootstrapWith(Array)
#6 /Users/raihanulislma/Desktop/hotel-booking-task-Raihanul-Islam/vendor/laravel/framework/src/Illuminate/Foundation/Console/Kernel.php(199): Illuminate\\Foundation\\Console\\Kernel->bootstrap()
#7 /Users/raihanulislma/Desktop/hotel-booking-task-Raihanul-Islam/artisan(35): Illuminate\\Foundation\\Console\\Kernel->handle(Object(Symfony\\Component\\Console\\Input\\ArgvInput), Object(Symfony\\Component\\Console\\Output\\ConsoleOutput))
#8 {main}
"} 
[2025-10-26 18:00:04] production.ERROR: Class "Illuminate\Hash\HashServiceProvider" not found {"exception":"[object] (Error(code: 0): Class \"Illuminate\\Hash\\HashServiceProvider\" not found at /Users/raihanulislma/Desktop/hotel-booking-task-Raihanul-Islam/vendor/laravel/framework/src/Illuminate/Foundation/ProviderRepository.php:206)
[stacktrace]
#0 /Users/raihanulislma/Desktop/hotel-booking-task-Raihanul-Islam/vendor/laravel/framework/src/Illuminate/Foundation/ProviderRepository.php(142): Illuminate\\Foundation\\ProviderRepository->createProvider('Illuminate\\\\Hash...')
#1 /Users/raihanulislma/Desktop/hotel-booking-task-Raihanul-Islam/vendor/laravel/framework/src/Illuminate/Foundation/ProviderRepository.php(61): Illuminate\\Foundation\\ProviderRepository->compileManifest(Array)
#2 /Users/raihanulislma/Desktop/hotel-booking-task-Raihanul-Islam/vendor/laravel/framework/src/Illuminate/Foundation/Application.php(794): Illuminate\\Foundation\\ProviderRepository->load(Array)
#3 /Users/raihanulislma/Desktop/hotel-booking-task-Raihanul-Islam/vendor/laravel/framework/src/Illuminate/Foundation/Bootstrap/RegisterProviders.php(17): Illuminate\\Foundation\\Application->registerConfiguredProviders()
#4 /Users/raihanulislma/Desktop/hotel-booking-task-Raihanul-Islam/vendor/laravel/framework/src/Illuminate/Foundation/Application.php(286): Illuminate\\Foundation\\Bootstrap\\RegisterProviders->bootstrap(Object(Illuminate\\Foundation\\Application))
#5 /Users/raihanulislma/Desktop/hotel-booking-task-Raihanul-Islam/vendor/laravel/framework/src/Illuminate/Foundation/Console/Kernel.php(447): Illuminate\\Foundation\\Application->bootstrapWith(Array)
#6 /Users/raihanulislma/Desktop/hotel-booking-task-Raihanul-Islam/vendor/laravel/framework/src/Illuminate/Foundation/Console/Kernel.php(199): Illuminate\\Foundation\\Console\\Kernel->bootstrap()
#7 Command line code(1): Illuminate\\Foundation\\Console\\Kernel->handle(Object(Symfony\\Component\\Console\\Input\\ArgvInput), Object(Symfony\\Component\\Console\\Output\\ConsoleOutput))
#8 {main}
"} 
[2025-10-26 18:00:04] production.ERROR: Class "Illuminate\Hash\HashServiceProvider" not found {"exception":"[object] (Error(code: 0): Class \"Illuminate\\Hash\\HashServiceProvider\" not found at /Users/raihanulislma/Desktop/hotel-booking-task-Raihanul-Islam/vendor/laravel/framework/src/Illuminate/Foundation/ProviderRepository.php:206)
[stacktrace]
#0 /Users/raihanulislma/Desktop/hotel-booking-task-Raihanul-Islam/vendor/laravel/framework/src/Illuminate/Foundation/ProviderRepository.php(142): Illuminate\\Foundation\\ProviderRepository->createProvider('Illuminate\\\\Hash...')
#1 /Users/raihanulislma/Desktop/hotel-booking-task-Raihanul-Islam/vendor/laravel/framework/src/Illuminate/Foundation/ProviderRepository.php(61): Illuminate\\Foundation\\ProviderRepository->compileManifest(Array)
#2 /Users/raihanulislma/Desktop/hotel-booking-task-Raihanul-Islam/vendor/laravel/framework/src/Illuminate/Foundation/Application.php(794): Illuminate\\Foundation\\ProviderRepository->load(Array)
#3 /Users/raihanulislma/Desktop/hotel-booking-task-Raihanul-Islam/vendor/laravel/framework/src/Illuminate/Foundation/Bootstrap/RegisterProviders.php(17): Illuminate\\Foundation\\Application->registerConfiguredProviders()
#4 /Users/raihanulislma/Desktop/hotel-booking-task-Raihanul-Islam/vendor/laravel/framework/src/Illuminate/Foundation/Application.php(286): Illuminate\\Foundation\\Bootstrap\\RegisterProviders->bootstrap(Object(Illuminate\\Foundation\\Application))
#5 /Users/raihanulislma/Desktop/hotel-booking-task-Raihanul-Islam/vendor/laravel/framework/src/Illuminate/Foundation/Console/Kernel.php(447): Illuminate\\Foundation\\Application->bootstrapWith(Array)
#6 /Users/raihanulislma/Desktop/hotel-booking-task-Raihanul-Islam/vendor/laravel/framework/src/Illuminate/Foundation/Console/Kernel.php(199): Illuminate\\Foundation\\Console\\Kernel->bootstrap()
#7 Command line code(1): Illuminate\\Foundation\\Console\\Kernel->handle(Object(Symfony\\Component\\Console\\Input\\ArgvInput), Object(Symfony\\Component\\Console\\Output\\ConsoleOutput))
#8 {main}
"} 
[2025-10-26 18:06:55] local.ERROR: The "--compact" option does not exist. {"exception":"[object] (Symfony\\Component\\Console\\Exception\\RuntimeException(code: 0): The \"--compact\" option does not exist. at /Users/raihanulislma/Desktop/hotel-booking-task-Raihanul-Islam/vendor/symfony/console/Input/ArgvInput.php:223)
[stacktrace]
#0 /Users/raihanulislma/Desktop/hotel-booking-task-Raihanul-Islam/vendor/symfony/console/Input/ArgvInput.php(152): Symfony\\Component\\Console\\Input\\ArgvInput->addLongOption('compact', NULL)
#1 /Users/raihanulislma/Desktop/hotel-booking-task-Raihanul-Islam/vendor/symfony/console/Input/ArgvInput.php(85): Symfony\\Component\\Console\\Input\\ArgvInput->parseLongOption('--compact')
#2 /Users/raihanulislma/Desktop/hotel-booking-task-Raihanul-Islam/vendor/symfony/console/Input/ArgvInput.php(74): Symfony\\Component\\Console\\Input\\ArgvInput->parseToken('--compact', true)
#3 /Users/raihanulislma/Desktop/hotel-booking-task-Raihanul-Islam/vendor/symfony/console/Input/Input.php(56): Symfony\\Component\\Console\\Input\\ArgvInput->parse()
#4 /Users/raihanulislma/Desktop/hotel-booking-task-Raihanul-Islam/vendor/symfony/console/Command/Command.php(285): Symfony\\Component\\Console\\Input\\Input->bind(Object(Symfony\\Component\\Console\\Input\\InputDefinition))
#5 /Users/raihanulislma/Desktop/hotel-booking-task-Raihanul-Islam/vendor/laravel/framework/src/Illuminate/Console/Command.php(180): Symfony\\Component\\Console\\Command\\Command->run(Object(Symfony\\Component\\Console\\Input\\ArgvInput), Object(Illuminate\\Console\\OutputStyle))
#6 /Users/raihanulislma/Desktop/hotel-booking-task-Raihanul-Islam/vendor/symfony/console/Application.php(1096): Illuminate\\Console\\Command->run(Object(Symfony\\Component\\Console\\Input\\ArgvInput), Object(Symfony\\Component\\Console\\Output\\ConsoleOutput))
#7 /Users/raihanulislma/Desktop/hotel-booking-task-Raihanul-Islam/vendor/symfony/console/Application.php(324): Symfony\\Component\\Console\\Application->doRunCommand(Object(Illuminate\\Foundation\\Console\\RouteListCommand), Object(Symfony\\Component\\Console\\Input\\ArgvInput), Object(Symfony\\Component\\Console\\Output\\ConsoleOutput))
#8 /Users/raihanulislma/Desktop/hotel-booking-task-Raihanul-Islam/vendor/symfony/console/Application.php(175): Symfony\\Component\\Console\\Application->doRun(Object(Symfony\\Component\\Console\\Input\\ArgvInput), Object(Symfony\\Component\\Console\\Output\\ConsoleOutput))
#9 /Users/raihanulislma/Desktop/hotel-booking-task-Raihanul-Islam/vendor/laravel/framework/src/Illuminate/Foundation/Console/Kernel.php(201): Symfony\\Component\\Console\\Application->run(Object(Symfony\\Component\\Console\\Input\\ArgvInput), Object(Symfony\\Component\\Console\\Output\\ConsoleOutput))
#10 /Users/raihanulislma/Desktop/hotel-booking-task-Raihanul-Islam/artisan(35): Illuminate\\Foundation\\Console\\Kernel->handle(Object(Symfony\\Component\\Console\\Input\\ArgvInput), Object(Symfony\\Component\\Console\\Output\\ConsoleOutput))
#11 {main}
"} 
